<?xml version="1.0" encoding="UTF-8"?>
<?totaltestVersion 19.2.2.v20181030-0703_75?>
<!--Topaz for Total Test 19.2.2.v20181030-0703_75 Jan 4, 2019 9:51:02 AM-->
<testsuites>
  <testsuite errors="0" failures="0" name="ALJOCOB_PIPELINE2.ALJOCOB_Scenario.00001: ALJOCOBCase1" tests="2">
    <testcase classname="ALJOCOB_PIPELINE2.ALJOCOB_Scenario.00001: ALJOCOBCase1" name="00001: Check for PARM_LTH"/>
    <testcase classname="ALJOCOB_PIPELINE2.ALJOCOB_Scenario.00001: ALJOCOBCase1" name="00002: Check for PARM_DATA"/>
  </testsuite>
  <testsuite errors="0" failures="0" name="ALJOCOB_PIPELINE2.ALJOCOB_Scenario.00001: ALJOCOBCase1.ALJOCOB_RPTFILE_WRITE_01.00001: RPTFILE assertion" tests="1">
    <testcase classname="ALJOCOB_PIPELINE2.ALJOCOB_Scenario.00001: ALJOCOBCase1.ALJOCOB_RPTFILE_WRITE_01.00001: RPTFILE assertion" name="00001: Check for BLANK_LINE"/>
  </testsuite>
  <testsuite errors="0" failures="0" name="ALJOCOB_PIPELINE2.ALJOCOB_Scenario.00001: ALJOCOBCase1.ALJOCOB_RPTFILE_WRITE_01.00002: RPTFILE assertion" tests="2">
    <testcase classname="ALJOCOB_PIPELINE2.ALJOCOB_Scenario.00001: ALJOCOBCase1.ALJOCOB_RPTFILE_WRITE_01.00002: RPTFILE assertion" name="00001: Check for BLANK_LINE"/>
  </testsuite>
  <testsuite errors="0" failures="0" name="ALJOCOB_PIPELINE2.ALJOCOB_Scenario.00001: ALJOCOBCase1.ALJOCOB_RPTFILE_WRITE_01.00003: RPTFILE assertion" tests="3">
    <testcase classname="ALJOCOB_PIPELINE2.ALJOCOB_Scenario.00001: ALJOCOBCase1.ALJOCOB_RPTFILE_WRITE_01.00003: RPTFILE assertion" name="00001: Check for BLANK_LINE"/>
  </testsuite>
  <testsuite errors="0" failures="0" name="ALJOCOB_PIPELINE2.ALJOCOB_Scenario.00001: ALJOCOBCase1.ALJOCOB_RPTFILE_WRITE_01.00004: RPTFILE assertion" tests="15">
    <testcase classname="ALJOCOB_PIPELINE2.ALJOCOB_Scenario.00001: ALJOCOBCase1.ALJOCOB_RPTFILE_WRITE_01.00004: RPTFILE assertion" name="00001: Check for FILLER0"/>
    <testcase classname="ALJOCOB_PIPELINE2.ALJOCOB_Scenario.00001: ALJOCOBCase1.ALJOCOB_RPTFILE_WRITE_01.00004: RPTFILE assertion" name="00002: Check for FILLER1"/>
    <testcase classname="ALJOCOB_PIPELINE2.ALJOCOB_Scenario.00001: ALJOCOBCase1.ALJOCOB_RPTFILE_WRITE_01.00004: RPTFILE assertion" name="00003: Check for EMP_RUN_MM"/>
    <testcase classname="ALJOCOB_PIPELINE2.ALJOCOB_Scenario.00001: ALJOCOBCase1.ALJOCOB_RPTFILE_WRITE_01.00004: RPTFILE assertion" name="00004: Check for FILLER2"/>
    <testcase classname="ALJOCOB_PIPELINE2.ALJOCOB_Scenario.00001: ALJOCOBCase1.ALJOCOB_RPTFILE_WRITE_01.00004: RPTFILE assertion" name="00005: Check for EMP_RUN_DD"/>
    <testcase classname="ALJOCOB_PIPELINE2.ALJOCOB_Scenario.00001: ALJOCOBCase1.ALJOCOB_RPTFILE_WRITE_01.00004: RPTFILE assertion" name="00006: Check for FILLER3"/>
    <testcase classname="ALJOCOB_PIPELINE2.ALJOCOB_Scenario.00001: ALJOCOBCase1.ALJOCOB_RPTFILE_WRITE_01.00004: RPTFILE assertion" name="00007: Check for EMP_RUN_YY"/>
    <testcase classname="ALJOCOB_PIPELINE2.ALJOCOB_Scenario.00001: ALJOCOBCase1.ALJOCOB_RPTFILE_WRITE_01.00004: RPTFILE assertion" name="00008: Check for FILLER4"/>
    <testcase classname="ALJOCOB_PIPELINE2.ALJOCOB_Scenario.00001: ALJOCOBCase1.ALJOCOB_RPTFILE_WRITE_01.00004: RPTFILE assertion" name="00009: Check for FILLER5"/>
    <testcase classname="ALJOCOB_PIPELINE2.ALJOCOB_Scenario.00001: ALJOCOBCase1.ALJOCOB_RPTFILE_WRITE_01.00004: RPTFILE assertion" name="00010: Check for FILLER6"/>
    <testcase classname="ALJOCOB_PIPELINE2.ALJOCOB_Scenario.00001: ALJOCOBCase1.ALJOCOB_RPTFILE_WRITE_01.00004: RPTFILE assertion" name="00011: Check for FILLER7"/>
    <testcase classname="ALJOCOB_PIPELINE2.ALJOCOB_Scenario.00001: ALJOCOBCase1.ALJOCOB_RPTFILE_WRITE_01.00004: RPTFILE assertion" name="00012: Check for EMP_PAGE"/>
  </testsuite>
  <testsuite errors="0" failures="0" name="ALJOCOB_PIPELINE2.ALJOCOB_Scenario.00001: ALJOCOBCase1.ALJOCOB_RPTFILE_WRITE_01.00005: RPTFILE assertion" tests="16">
    <testcase classname="ALJOCOB_PIPELINE2.ALJOCOB_Scenario.00001: ALJOCOBCase1.ALJOCOB_RPTFILE_WRITE_01.00005: RPTFILE assertion" name="00001: Check for BLANK_LINE"/>
  </testsuite>
  <testsuite errors="0" failures="0" name="ALJOCOB_PIPELINE2.ALJOCOB_Scenario.00001: ALJOCOBCase1.ALJOCOB_RPTFILE_WRITE_01.00006: RPTFILE assertion" tests="17">
    <testcase classname="ALJOCOB_PIPELINE2.ALJOCOB_Scenario.00001: ALJOCOBCase1.ALJOCOB_RPTFILE_WRITE_01.00006: RPTFILE assertion" name="00001: Check for BLANK_LINE"/>
  </testsuite>
  <testsuite errors="0" failures="0" name="ALJOCOB_PIPELINE2.ALJOCOB_Scenario.00001: ALJOCOBCase1.ALJOCOB_RPTFILE_WRITE_01.00007: RPTFILE assertion" tests="22">
    <testcase classname="ALJOCOB_PIPELINE2.ALJOCOB_Scenario.00001: ALJOCOBCase1.ALJOCOB_RPTFILE_WRITE_01.00007: RPTFILE assertion" name="00001: Check for FILLER0"/>
    <testcase classname="ALJOCOB_PIPELINE2.ALJOCOB_Scenario.00001: ALJOCOBCase1.ALJOCOB_RPTFILE_WRITE_01.00007: RPTFILE assertion" name="00002: Check for FILLER1"/>
    <testcase classname="ALJOCOB_PIPELINE2.ALJOCOB_Scenario.00001: ALJOCOBCase1.ALJOCOB_RPTFILE_WRITE_01.00007: RPTFILE assertion" name="00003: Check for FILLER2"/>
    <testcase classname="ALJOCOB_PIPELINE2.ALJOCOB_Scenario.00001: ALJOCOBCase1.ALJOCOB_RPTFILE_WRITE_01.00007: RPTFILE assertion" name="00004: Check for FILLER3"/>
    <testcase classname="ALJOCOB_PIPELINE2.ALJOCOB_Scenario.00001: ALJOCOBCase1.ALJOCOB_RPTFILE_WRITE_01.00007: RPTFILE assertion" name="00005: Check for FILLER4"/>
  </testsuite>
  <testsuite errors="0" failures="0" name="ALJOCOB_PIPELINE2.ALJOCOB_Scenario.00001: ALJOCOBCase1.ALJOCOB_RPTFILE_WRITE_01.00008: RPTFILE assertion" tests="40">
    <testcase classname="ALJOCOB_PIPELINE2.ALJOCOB_Scenario.00001: ALJOCOBCase1.ALJOCOB_RPTFILE_WRITE_01.00008: RPTFILE assertion" name="00001: Check for FILLER0"/>
    <testcase classname="ALJOCOB_PIPELINE2.ALJOCOB_Scenario.00001: ALJOCOBCase1.ALJOCOB_RPTFILE_WRITE_01.00008: RPTFILE assertion" name="00002: Check for FILLER1"/>
    <testcase classname="ALJOCOB_PIPELINE2.ALJOCOB_Scenario.00001: ALJOCOBCase1.ALJOCOB_RPTFILE_WRITE_01.00008: RPTFILE assertion" name="00003: Check for FILLER2"/>
    <testcase classname="ALJOCOB_PIPELINE2.ALJOCOB_Scenario.00001: ALJOCOBCase1.ALJOCOB_RPTFILE_WRITE_01.00008: RPTFILE assertion" name="00004: Check for FILLER3"/>
    <testcase classname="ALJOCOB_PIPELINE2.ALJOCOB_Scenario.00001: ALJOCOBCase1.ALJOCOB_RPTFILE_WRITE_01.00008: RPTFILE assertion" name="00005: Check for FILLER4"/>
    <testcase classname="ALJOCOB_PIPELINE2.ALJOCOB_Scenario.00001: ALJOCOBCase1.ALJOCOB_RPTFILE_WRITE_01.00008: RPTFILE assertion" name="00006: Check for FILLER5"/>
    <testcase classname="ALJOCOB_PIPELINE2.ALJOCOB_Scenario.00001: ALJOCOBCase1.ALJOCOB_RPTFILE_WRITE_01.00008: RPTFILE assertion" name="00007: Check for FILLER6"/>
    <testcase classname="ALJOCOB_PIPELINE2.ALJOCOB_Scenario.00001: ALJOCOBCase1.ALJOCOB_RPTFILE_WRITE_01.00008: RPTFILE assertion" name="00008: Check for FILLER7"/>
    <testcase classname="ALJOCOB_PIPELINE2.ALJOCOB_Scenario.00001: ALJOCOBCase1.ALJOCOB_RPTFILE_WRITE_01.00008: RPTFILE assertion" name="00009: Check for FILLER8"/>
    <testcase classname="ALJOCOB_PIPELINE2.ALJOCOB_Scenario.00001: ALJOCOBCase1.ALJOCOB_RPTFILE_WRITE_01.00008: RPTFILE assertion" name="00010: Check for FILLER9"/>
    <testcase classname="ALJOCOB_PIPELINE2.ALJOCOB_Scenario.00001: ALJOCOBCase1.ALJOCOB_RPTFILE_WRITE_01.00008: RPTFILE assertion" name="00011: Check for FILLER10"/>
    <testcase classname="ALJOCOB_PIPELINE2.ALJOCOB_Scenario.00001: ALJOCOBCase1.ALJOCOB_RPTFILE_WRITE_01.00008: RPTFILE assertion" name="00012: Check for FILLER11"/>
    <testcase classname="ALJOCOB_PIPELINE2.ALJOCOB_Scenario.00001: ALJOCOBCase1.ALJOCOB_RPTFILE_WRITE_01.00008: RPTFILE assertion" name="00013: Check for FILLER12"/>
    <testcase classname="ALJOCOB_PIPELINE2.ALJOCOB_Scenario.00001: ALJOCOBCase1.ALJOCOB_RPTFILE_WRITE_01.00008: RPTFILE assertion" name="00014: Check for FILLER13"/>
    <testcase classname="ALJOCOB_PIPELINE2.ALJOCOB_Scenario.00001: ALJOCOBCase1.ALJOCOB_RPTFILE_WRITE_01.00008: RPTFILE assertion" name="00015: Check for FILLER14"/>
    <testcase classname="ALJOCOB_PIPELINE2.ALJOCOB_Scenario.00001: ALJOCOBCase1.ALJOCOB_RPTFILE_WRITE_01.00008: RPTFILE assertion" name="00016: Check for FILLER15"/>
    <testcase classname="ALJOCOB_PIPELINE2.ALJOCOB_Scenario.00001: ALJOCOBCase1.ALJOCOB_RPTFILE_WRITE_01.00008: RPTFILE assertion" name="00017: Check for FILLER16"/>
    <testcase classname="ALJOCOB_PIPELINE2.ALJOCOB_Scenario.00001: ALJOCOBCase1.ALJOCOB_RPTFILE_WRITE_01.00008: RPTFILE assertion" name="00018: Check for FILLER17"/>
  </testsuite>
  <testsuite errors="0" failures="0" name="ALJOCOB_PIPELINE2.ALJOCOB_Scenario.00001: ALJOCOBCase1.ALJOCOB_RPTFILE_WRITE_01.00009: RPTFILE assertion" tests="41">
    <testcase classname="ALJOCOB_PIPELINE2.ALJOCOB_Scenario.00001: ALJOCOBCase1.ALJOCOB_RPTFILE_WRITE_01.00009: RPTFILE assertion" name="00001: Check for BLANK_LINE"/>
  </testsuite>
  <testsuite errors="0" failures="0" name="ALJOCOB_PIPELINE2.ALJOCOB_Scenario.00001: ALJOCOBCase1.ALJOCOB_RPTFILE_WRITE_01.00010: RPTFILE assertion" tests="64">
    <testcase classname="ALJOCOB_PIPELINE2.ALJOCOB_Scenario.00001: ALJOCOBCase1.ALJOCOB_RPTFILE_WRITE_01.00010: RPTFILE assertion" name="00001: Check for FILLER0"/>
    <testcase classname="ALJOCOB_PIPELINE2.ALJOCOB_Scenario.00001: ALJOCOBCase1.ALJOCOB_RPTFILE_WRITE_01.00010: RPTFILE assertion" name="00002: Check for EMP_DTL_NAME"/>
    <testcase classname="ALJOCOB_PIPELINE2.ALJOCOB_Scenario.00001: ALJOCOBCase1.ALJOCOB_RPTFILE_WRITE_01.00010: RPTFILE assertion" name="00003: Check for FILLER1"/>
    <testcase classname="ALJOCOB_PIPELINE2.ALJOCOB_Scenario.00001: ALJOCOBCase1.ALJOCOB_RPTFILE_WRITE_01.00010: RPTFILE assertion" name="00004: Check for EMP_DTL_REGION"/>
    <testcase classname="ALJOCOB_PIPELINE2.ALJOCOB_Scenario.00001: ALJOCOBCase1.ALJOCOB_RPTFILE_WRITE_01.00010: RPTFILE assertion" name="00005: Check for FILLER2"/>
    <testcase classname="ALJOCOB_PIPELINE2.ALJOCOB_Scenario.00001: ALJOCOBCase1.ALJOCOB_RPTFILE_WRITE_01.00010: RPTFILE assertion" name="00006: Check for EMP_DTL_TYPE"/>
    <testcase classname="ALJOCOB_PIPELINE2.ALJOCOB_Scenario.00001: ALJOCOBCase1.ALJOCOB_RPTFILE_WRITE_01.00010: RPTFILE assertion" name="00007: Check for FILLER3"/>
    <testcase classname="ALJOCOB_PIPELINE2.ALJOCOB_Scenario.00001: ALJOCOBCase1.ALJOCOB_RPTFILE_WRITE_01.00010: RPTFILE assertion" name="00008: Check for EMP_DTL_HIRE_MM"/>
    <testcase classname="ALJOCOB_PIPELINE2.ALJOCOB_Scenario.00001: ALJOCOBCase1.ALJOCOB_RPTFILE_WRITE_01.00010: RPTFILE assertion" name="00009: Check for EMP_DTL_SLASH1"/>
    <testcase classname="ALJOCOB_PIPELINE2.ALJOCOB_Scenario.00001: ALJOCOBCase1.ALJOCOB_RPTFILE_WRITE_01.00010: RPTFILE assertion" name="00010: Check for EMP_DTL_HIRE_DD"/>
    <testcase classname="ALJOCOB_PIPELINE2.ALJOCOB_Scenario.00001: ALJOCOBCase1.ALJOCOB_RPTFILE_WRITE_01.00010: RPTFILE assertion" name="00011: Check for EMP_DTL_SLASH2"/>
    <testcase classname="ALJOCOB_PIPELINE2.ALJOCOB_Scenario.00001: ALJOCOBCase1.ALJOCOB_RPTFILE_WRITE_01.00010: RPTFILE assertion" name="00012: Check for EMP_DTL_HIRE_YY"/>
    <testcase classname="ALJOCOB_PIPELINE2.ALJOCOB_Scenario.00001: ALJOCOBCase1.ALJOCOB_RPTFILE_WRITE_01.00010: RPTFILE assertion" name="00013: Check for FILLER4"/>
    <testcase classname="ALJOCOB_PIPELINE2.ALJOCOB_Scenario.00001: ALJOCOBCase1.ALJOCOB_RPTFILE_WRITE_01.00010: RPTFILE assertion" name="00014: Check for EMP_DTL_YRS_OF_SERVICE"/>
    <testcase classname="ALJOCOB_PIPELINE2.ALJOCOB_Scenario.00001: ALJOCOBCase1.ALJOCOB_RPTFILE_WRITE_01.00010: RPTFILE assertion" name="00015: Check for FILLER5"/>
    <testcase classname="ALJOCOB_PIPELINE2.ALJOCOB_Scenario.00001: ALJOCOBCase1.ALJOCOB_RPTFILE_WRITE_01.00010: RPTFILE assertion" name="00016: Check for EMP_DTL_WAGES"/>
    <testcase classname="ALJOCOB_PIPELINE2.ALJOCOB_Scenario.00001: ALJOCOBCase1.ALJOCOB_RPTFILE_WRITE_01.00010: RPTFILE assertion" name="00017: Check for FILLER6"/>
    <testcase classname="ALJOCOB_PIPELINE2.ALJOCOB_Scenario.00001: ALJOCOBCase1.ALJOCOB_RPTFILE_WRITE_01.00010: RPTFILE assertion" name="00018: Check for EMP_DTL_OT"/>
    <testcase classname="ALJOCOB_PIPELINE2.ALJOCOB_Scenario.00001: ALJOCOBCase1.ALJOCOB_RPTFILE_WRITE_01.00010: RPTFILE assertion" name="00019: Check for FILLER7"/>
    <testcase classname="ALJOCOB_PIPELINE2.ALJOCOB_Scenario.00001: ALJOCOBCase1.ALJOCOB_RPTFILE_WRITE_01.00010: RPTFILE assertion" name="00020: Check for EMP_DTL_COMM"/>
    <testcase classname="ALJOCOB_PIPELINE2.ALJOCOB_Scenario.00001: ALJOCOBCase1.ALJOCOB_RPTFILE_WRITE_01.00010: RPTFILE assertion" name="00021: Check for FILLER8"/>
    <testcase classname="ALJOCOB_PIPELINE2.ALJOCOB_Scenario.00001: ALJOCOBCase1.ALJOCOB_RPTFILE_WRITE_01.00010: RPTFILE assertion" name="00022: Check for EMP_DTL_TOTAL"/>
    <testcase classname="ALJOCOB_PIPELINE2.ALJOCOB_Scenario.00001: ALJOCOBCase1.ALJOCOB_RPTFILE_WRITE_01.00010: RPTFILE assertion" name="00023: Check for EXTRA_FIELD"/>
  </testsuite>
  <testsuite errors="0" failures="0" name="ALJOCOB_PIPELINE2.ALJOCOB_Scenario.00001: ALJOCOBCase1.ALJOCOB_RPTFILE_WRITE_01.00011: RPTFILE assertion" tests="87">
    <testcase classname="ALJOCOB_PIPELINE2.ALJOCOB_Scenario.00001: ALJOCOBCase1.ALJOCOB_RPTFILE_WRITE_01.00011: RPTFILE assertion" name="00001: Check for FILLER0"/>
    <testcase classname="ALJOCOB_PIPELINE2.ALJOCOB_Scenario.00001: ALJOCOBCase1.ALJOCOB_RPTFILE_WRITE_01.00011: RPTFILE assertion" name="00002: Check for EMP_DTL_NAME"/>
    <testcase classname="ALJOCOB_PIPELINE2.ALJOCOB_Scenario.00001: ALJOCOBCase1.ALJOCOB_RPTFILE_WRITE_01.00011: RPTFILE assertion" name="00003: Check for FILLER1"/>
    <testcase classname="ALJOCOB_PIPELINE2.ALJOCOB_Scenario.00001: ALJOCOBCase1.ALJOCOB_RPTFILE_WRITE_01.00011: RPTFILE assertion" name="00004: Check for EMP_DTL_REGION"/>
    <testcase classname="ALJOCOB_PIPELINE2.ALJOCOB_Scenario.00001: ALJOCOBCase1.ALJOCOB_RPTFILE_WRITE_01.00011: RPTFILE assertion" name="00005: Check for FILLER2"/>
    <testcase classname="ALJOCOB_PIPELINE2.ALJOCOB_Scenario.00001: ALJOCOBCase1.ALJOCOB_RPTFILE_WRITE_01.00011: RPTFILE assertion" name="00006: Check for EMP_DTL_TYPE"/>
    <testcase classname="ALJOCOB_PIPELINE2.ALJOCOB_Scenario.00001: ALJOCOBCase1.ALJOCOB_RPTFILE_WRITE_01.00011: RPTFILE assertion" name="00007: Check for FILLER3"/>
    <testcase classname="ALJOCOB_PIPELINE2.ALJOCOB_Scenario.00001: ALJOCOBCase1.ALJOCOB_RPTFILE_WRITE_01.00011: RPTFILE assertion" name="00008: Check for EMP_DTL_HIRE_MM"/>
    <testcase classname="ALJOCOB_PIPELINE2.ALJOCOB_Scenario.00001: ALJOCOBCase1.ALJOCOB_RPTFILE_WRITE_01.00011: RPTFILE assertion" name="00009: Check for EMP_DTL_SLASH1"/>
    <testcase classname="ALJOCOB_PIPELINE2.ALJOCOB_Scenario.00001: ALJOCOBCase1.ALJOCOB_RPTFILE_WRITE_01.00011: RPTFILE assertion" name="00010: Check for EMP_DTL_HIRE_DD"/>
    <testcase classname="ALJOCOB_PIPELINE2.ALJOCOB_Scenario.00001: ALJOCOBCase1.ALJOCOB_RPTFILE_WRITE_01.00011: RPTFILE assertion" name="00011: Check for EMP_DTL_SLASH2"/>
    <testcase classname="ALJOCOB_PIPELINE2.ALJOCOB_Scenario.00001: ALJOCOBCase1.ALJOCOB_RPTFILE_WRITE_01.00011: RPTFILE assertion" name="00012: Check for EMP_DTL_HIRE_YY"/>
    <testcase classname="ALJOCOB_PIPELINE2.ALJOCOB_Scenario.00001: ALJOCOBCase1.ALJOCOB_RPTFILE_WRITE_01.00011: RPTFILE assertion" name="00013: Check for FILLER4"/>
    <testcase classname="ALJOCOB_PIPELINE2.ALJOCOB_Scenario.00001: ALJOCOBCase1.ALJOCOB_RPTFILE_WRITE_01.00011: RPTFILE assertion" name="00014: Check for EMP_DTL_YRS_OF_SERVICE"/>
    <testcase classname="ALJOCOB_PIPELINE2.ALJOCOB_Scenario.00001: ALJOCOBCase1.ALJOCOB_RPTFILE_WRITE_01.00011: RPTFILE assertion" name="00015: Check for FILLER5"/>
    <testcase classname="ALJOCOB_PIPELINE2.ALJOCOB_Scenario.00001: ALJOCOBCase1.ALJOCOB_RPTFILE_WRITE_01.00011: RPTFILE assertion" name="00016: Check for EMP_DTL_WAGES"/>
    <testcase classname="ALJOCOB_PIPELINE2.ALJOCOB_Scenario.00001: ALJOCOBCase1.ALJOCOB_RPTFILE_WRITE_01.00011: RPTFILE assertion" name="00017: Check for FILLER6"/>
    <testcase classname="ALJOCOB_PIPELINE2.ALJOCOB_Scenario.00001: ALJOCOBCase1.ALJOCOB_RPTFILE_WRITE_01.00011: RPTFILE assertion" name="00018: Check for EMP_DTL_OT"/>
    <testcase classname="ALJOCOB_PIPELINE2.ALJOCOB_Scenario.00001: ALJOCOBCase1.ALJOCOB_RPTFILE_WRITE_01.00011: RPTFILE assertion" name="00019: Check for FILLER7"/>
    <testcase classname="ALJOCOB_PIPELINE2.ALJOCOB_Scenario.00001: ALJOCOBCase1.ALJOCOB_RPTFILE_WRITE_01.00011: RPTFILE assertion" name="00020: Check for EMP_DTL_COMM"/>
    <testcase classname="ALJOCOB_PIPELINE2.ALJOCOB_Scenario.00001: ALJOCOBCase1.ALJOCOB_RPTFILE_WRITE_01.00011: RPTFILE assertion" name="00021: Check for FILLER8"/>
    <testcase classname="ALJOCOB_PIPELINE2.ALJOCOB_Scenario.00001: ALJOCOBCase1.ALJOCOB_RPTFILE_WRITE_01.00011: RPTFILE assertion" name="00022: Check for EMP_DTL_TOTAL"/>
    <testcase classname="ALJOCOB_PIPELINE2.ALJOCOB_Scenario.00001: ALJOCOBCase1.ALJOCOB_RPTFILE_WRITE_01.00011: RPTFILE assertion" name="00023: Check for EXTRA_FIELD"/>
  </testsuite>
  <testsuite errors="0" failures="0" name="ALJOCOB_PIPELINE2.ALJOCOB_Scenario.00001: ALJOCOBCase1.ALJOCOB_RPTFILE_WRITE_01.00012: RPTFILE assertion" tests="110">
    <testcase classname="ALJOCOB_PIPELINE2.ALJOCOB_Scenario.00001: ALJOCOBCase1.ALJOCOB_RPTFILE_WRITE_01.00012: RPTFILE assertion" name="00001: Check for FILLER0"/>
    <testcase classname="ALJOCOB_PIPELINE2.ALJOCOB_Scenario.00001: ALJOCOBCase1.ALJOCOB_RPTFILE_WRITE_01.00012: RPTFILE assertion" name="00002: Check for EMP_DTL_NAME"/>
    <testcase classname="ALJOCOB_PIPELINE2.ALJOCOB_Scenario.00001: ALJOCOBCase1.ALJOCOB_RPTFILE_WRITE_01.00012: RPTFILE assertion" name="00003: Check for FILLER1"/>
    <testcase classname="ALJOCOB_PIPELINE2.ALJOCOB_Scenario.00001: ALJOCOBCase1.ALJOCOB_RPTFILE_WRITE_01.00012: RPTFILE assertion" name="00004: Check for EMP_DTL_REGION"/>
    <testcase classname="ALJOCOB_PIPELINE2.ALJOCOB_Scenario.00001: ALJOCOBCase1.ALJOCOB_RPTFILE_WRITE_01.00012: RPTFILE assertion" name="00005: Check for FILLER2"/>
    <testcase classname="ALJOCOB_PIPELINE2.ALJOCOB_Scenario.00001: ALJOCOBCase1.ALJOCOB_RPTFILE_WRITE_01.00012: RPTFILE assertion" name="00006: Check for EMP_DTL_TYPE"/>
    <testcase classname="ALJOCOB_PIPELINE2.ALJOCOB_Scenario.00001: ALJOCOBCase1.ALJOCOB_RPTFILE_WRITE_01.00012: RPTFILE assertion" name="00007: Check for FILLER3"/>
    <testcase classname="ALJOCOB_PIPELINE2.ALJOCOB_Scenario.00001: ALJOCOBCase1.ALJOCOB_RPTFILE_WRITE_01.00012: RPTFILE assertion" name="00008: Check for EMP_DTL_HIRE_MM"/>
    <testcase classname="ALJOCOB_PIPELINE2.ALJOCOB_Scenario.00001: ALJOCOBCase1.ALJOCOB_RPTFILE_WRITE_01.00012: RPTFILE assertion" name="00009: Check for EMP_DTL_SLASH1"/>
    <testcase classname="ALJOCOB_PIPELINE2.ALJOCOB_Scenario.00001: ALJOCOBCase1.ALJOCOB_RPTFILE_WRITE_01.00012: RPTFILE assertion" name="00010: Check for EMP_DTL_HIRE_DD"/>
    <testcase classname="ALJOCOB_PIPELINE2.ALJOCOB_Scenario.00001: ALJOCOBCase1.ALJOCOB_RPTFILE_WRITE_01.00012: RPTFILE assertion" name="00011: Check for EMP_DTL_SLASH2"/>
    <testcase classname="ALJOCOB_PIPELINE2.ALJOCOB_Scenario.00001: ALJOCOBCase1.ALJOCOB_RPTFILE_WRITE_01.00012: RPTFILE assertion" name="00012: Check for EMP_DTL_HIRE_YY"/>
    <testcase classname="ALJOCOB_PIPELINE2.ALJOCOB_Scenario.00001: ALJOCOBCase1.ALJOCOB_RPTFILE_WRITE_01.00012: RPTFILE assertion" name="00013: Check for FILLER4"/>
    <testcase classname="ALJOCOB_PIPELINE2.ALJOCOB_Scenario.00001: ALJOCOBCase1.ALJOCOB_RPTFILE_WRITE_01.00012: RPTFILE assertion" name="00014: Check for EMP_DTL_YRS_OF_SERVICE"/>
    <testcase classname="ALJOCOB_PIPELINE2.ALJOCOB_Scenario.00001: ALJOCOBCase1.ALJOCOB_RPTFILE_WRITE_01.00012: RPTFILE assertion" name="00015: Check for FILLER5"/>
    <testcase classname="ALJOCOB_PIPELINE2.ALJOCOB_Scenario.00001: ALJOCOBCase1.ALJOCOB_RPTFILE_WRITE_01.00012: RPTFILE assertion" name="00016: Check for EMP_DTL_WAGES"/>
    <testcase classname="ALJOCOB_PIPELINE2.ALJOCOB_Scenario.00001: ALJOCOBCase1.ALJOCOB_RPTFILE_WRITE_01.00012: RPTFILE assertion" name="00017: Check for FILLER6"/>
    <testcase classname="ALJOCOB_PIPELINE2.ALJOCOB_Scenario.00001: ALJOCOBCase1.ALJOCOB_RPTFILE_WRITE_01.00012: RPTFILE assertion" name="00018: Check for EMP_DTL_OT"/>
    <testcase classname="ALJOCOB_PIPELINE2.ALJOCOB_Scenario.00001: ALJOCOBCase1.ALJOCOB_RPTFILE_WRITE_01.00012: RPTFILE assertion" name="00019: Check for FILLER7"/>
    <testcase classname="ALJOCOB_PIPELINE2.ALJOCOB_Scenario.00001: ALJOCOBCase1.ALJOCOB_RPTFILE_WRITE_01.00012: RPTFILE assertion" name="00020: Check for EMP_DTL_COMM"/>
    <testcase classname="ALJOCOB_PIPELINE2.ALJOCOB_Scenario.00001: ALJOCOBCase1.ALJOCOB_RPTFILE_WRITE_01.00012: RPTFILE assertion" name="00021: Check for FILLER8"/>
    <testcase classname="ALJOCOB_PIPELINE2.ALJOCOB_Scenario.00001: ALJOCOBCase1.ALJOCOB_RPTFILE_WRITE_01.00012: RPTFILE assertion" name="00022: Check for EMP_DTL_TOTAL"/>
    <testcase classname="ALJOCOB_PIPELINE2.ALJOCOB_Scenario.00001: ALJOCOBCase1.ALJOCOB_RPTFILE_WRITE_01.00012: RPTFILE assertion" name="00023: Check for EXTRA_FIELD"/>
  </testsuite>
  <testsuite errors="0" failures="0" name="ALJOCOB_PIPELINE2.ALJOCOB_Scenario.00001: ALJOCOBCase1.ALJOCOB_RPTFILE_WRITE_01.00013: RPTFILE assertion" tests="133">
    <testcase classname="ALJOCOB_PIPELINE2.ALJOCOB_Scenario.00001: ALJOCOBCase1.ALJOCOB_RPTFILE_WRITE_01.00013: RPTFILE assertion" name="00001: Check for FILLER0"/>
    <testcase classname="ALJOCOB_PIPELINE2.ALJOCOB_Scenario.00001: ALJOCOBCase1.ALJOCOB_RPTFILE_WRITE_01.00013: RPTFILE assertion" name="00002: Check for EMP_DTL_NAME"/>
    <testcase classname="ALJOCOB_PIPELINE2.ALJOCOB_Scenario.00001: ALJOCOBCase1.ALJOCOB_RPTFILE_WRITE_01.00013: RPTFILE assertion" name="00003: Check for FILLER1"/>
    <testcase classname="ALJOCOB_PIPELINE2.ALJOCOB_Scenario.00001: ALJOCOBCase1.ALJOCOB_RPTFILE_WRITE_01.00013: RPTFILE assertion" name="00004: Check for EMP_DTL_REGION"/>
    <testcase classname="ALJOCOB_PIPELINE2.ALJOCOB_Scenario.00001: ALJOCOBCase1.ALJOCOB_RPTFILE_WRITE_01.00013: RPTFILE assertion" name="00005: Check for FILLER2"/>
    <testcase classname="ALJOCOB_PIPELINE2.ALJOCOB_Scenario.00001: ALJOCOBCase1.ALJOCOB_RPTFILE_WRITE_01.00013: RPTFILE assertion" name="00006: Check for EMP_DTL_TYPE"/>
    <testcase classname="ALJOCOB_PIPELINE2.ALJOCOB_Scenario.00001: ALJOCOBCase1.ALJOCOB_RPTFILE_WRITE_01.00013: RPTFILE assertion" name="00007: Check for FILLER3"/>
    <testcase classname="ALJOCOB_PIPELINE2.ALJOCOB_Scenario.00001: ALJOCOBCase1.ALJOCOB_RPTFILE_WRITE_01.00013: RPTFILE assertion" name="00008: Check for EMP_DTL_HIRE_MM"/>
    <testcase classname="ALJOCOB_PIPELINE2.ALJOCOB_Scenario.00001: ALJOCOBCase1.ALJOCOB_RPTFILE_WRITE_01.00013: RPTFILE assertion" name="00009: Check for EMP_DTL_SLASH1"/>
    <testcase classname="ALJOCOB_PIPELINE2.ALJOCOB_Scenario.00001: ALJOCOBCase1.ALJOCOB_RPTFILE_WRITE_01.00013: RPTFILE assertion" name="00010: Check for EMP_DTL_HIRE_DD"/>
    <testcase classname="ALJOCOB_PIPELINE2.ALJOCOB_Scenario.00001: ALJOCOBCase1.ALJOCOB_RPTFILE_WRITE_01.00013: RPTFILE assertion" name="00011: Check for EMP_DTL_SLASH2"/>
    <testcase classname="ALJOCOB_PIPELINE2.ALJOCOB_Scenario.00001: ALJOCOBCase1.ALJOCOB_RPTFILE_WRITE_01.00013: RPTFILE assertion" name="00012: Check for EMP_DTL_HIRE_YY"/>
    <testcase classname="ALJOCOB_PIPELINE2.ALJOCOB_Scenario.00001: ALJOCOBCase1.ALJOCOB_RPTFILE_WRITE_01.00013: RPTFILE assertion" name="00013: Check for FILLER4"/>
    <testcase classname="ALJOCOB_PIPELINE2.ALJOCOB_Scenario.00001: ALJOCOBCase1.ALJOCOB_RPTFILE_WRITE_01.00013: RPTFILE assertion" name="00014: Check for EMP_DTL_YRS_OF_SERVICE"/>
    <testcase classname="ALJOCOB_PIPELINE2.ALJOCOB_Scenario.00001: ALJOCOBCase1.ALJOCOB_RPTFILE_WRITE_01.00013: RPTFILE assertion" name="00015: Check for FILLER5"/>
    <testcase classname="ALJOCOB_PIPELINE2.ALJOCOB_Scenario.00001: ALJOCOBCase1.ALJOCOB_RPTFILE_WRITE_01.00013: RPTFILE assertion" name="00016: Check for EMP_DTL_WAGES"/>
    <testcase classname="ALJOCOB_PIPELINE2.ALJOCOB_Scenario.00001: ALJOCOBCase1.ALJOCOB_RPTFILE_WRITE_01.00013: RPTFILE assertion" name="00017: Check for FILLER6"/>
    <testcase classname="ALJOCOB_PIPELINE2.ALJOCOB_Scenario.00001: ALJOCOBCase1.ALJOCOB_RPTFILE_WRITE_01.00013: RPTFILE assertion" name="00018: Check for EMP_DTL_OT"/>
    <testcase classname="ALJOCOB_PIPELINE2.ALJOCOB_Scenario.00001: ALJOCOBCase1.ALJOCOB_RPTFILE_WRITE_01.00013: RPTFILE assertion" name="00019: Check for FILLER7"/>
    <testcase classname="ALJOCOB_PIPELINE2.ALJOCOB_Scenario.00001: ALJOCOBCase1.ALJOCOB_RPTFILE_WRITE_01.00013: RPTFILE assertion" name="00020: Check for EMP_DTL_COMM"/>
    <testcase classname="ALJOCOB_PIPELINE2.ALJOCOB_Scenario.00001: ALJOCOBCase1.ALJOCOB_RPTFILE_WRITE_01.00013: RPTFILE assertion" name="00021: Check for FILLER8"/>
    <testcase classname="ALJOCOB_PIPELINE2.ALJOCOB_Scenario.00001: ALJOCOBCase1.ALJOCOB_RPTFILE_WRITE_01.00013: RPTFILE assertion" name="00022: Check for EMP_DTL_TOTAL"/>
    <testcase classname="ALJOCOB_PIPELINE2.ALJOCOB_Scenario.00001: ALJOCOBCase1.ALJOCOB_RPTFILE_WRITE_01.00013: RPTFILE assertion" name="00023: Check for EXTRA_FIELD"/>
  </testsuite>
  <testsuite errors="0" failures="0" name="ALJOCOB_PIPELINE2.ALJOCOB_Scenario.00001: ALJOCOBCase1.ALJOCOB_RPTFILE_WRITE_01.00014: RPTFILE assertion" tests="156">
    <testcase classname="ALJOCOB_PIPELINE2.ALJOCOB_Scenario.00001: ALJOCOBCase1.ALJOCOB_RPTFILE_WRITE_01.00014: RPTFILE assertion" name="00001: Check for FILLER0"/>
    <testcase classname="ALJOCOB_PIPELINE2.ALJOCOB_Scenario.00001: ALJOCOBCase1.ALJOCOB_RPTFILE_WRITE_01.00014: RPTFILE assertion" name="00002: Check for EMP_DTL_NAME"/>
    <testcase classname="ALJOCOB_PIPELINE2.ALJOCOB_Scenario.00001: ALJOCOBCase1.ALJOCOB_RPTFILE_WRITE_01.00014: RPTFILE assertion" name="00003: Check for FILLER1"/>
    <testcase classname="ALJOCOB_PIPELINE2.ALJOCOB_Scenario.00001: ALJOCOBCase1.ALJOCOB_RPTFILE_WRITE_01.00014: RPTFILE assertion" name="00004: Check for EMP_DTL_REGION"/>
    <testcase classname="ALJOCOB_PIPELINE2.ALJOCOB_Scenario.00001: ALJOCOBCase1.ALJOCOB_RPTFILE_WRITE_01.00014: RPTFILE assertion" name="00005: Check for FILLER2"/>
    <testcase classname="ALJOCOB_PIPELINE2.ALJOCOB_Scenario.00001: ALJOCOBCase1.ALJOCOB_RPTFILE_WRITE_01.00014: RPTFILE assertion" name="00006: Check for EMP_DTL_TYPE"/>
    <testcase classname="ALJOCOB_PIPELINE2.ALJOCOB_Scenario.00001: ALJOCOBCase1.ALJOCOB_RPTFILE_WRITE_01.00014: RPTFILE assertion" name="00007: Check for FILLER3"/>
    <testcase classname="ALJOCOB_PIPELINE2.ALJOCOB_Scenario.00001: ALJOCOBCase1.ALJOCOB_RPTFILE_WRITE_01.00014: RPTFILE assertion" name="00008: Check for EMP_DTL_HIRE_MM"/>
    <testcase classname="ALJOCOB_PIPELINE2.ALJOCOB_Scenario.00001: ALJOCOBCase1.ALJOCOB_RPTFILE_WRITE_01.00014: RPTFILE assertion" name="00009: Check for EMP_DTL_SLASH1"/>
    <testcase classname="ALJOCOB_PIPELINE2.ALJOCOB_Scenario.00001: ALJOCOBCase1.ALJOCOB_RPTFILE_WRITE_01.00014: RPTFILE assertion" name="00010: Check for EMP_DTL_HIRE_DD"/>
    <testcase classname="ALJOCOB_PIPELINE2.ALJOCOB_Scenario.00001: ALJOCOBCase1.ALJOCOB_RPTFILE_WRITE_01.00014: RPTFILE assertion" name="00011: Check for EMP_DTL_SLASH2"/>
    <testcase classname="ALJOCOB_PIPELINE2.ALJOCOB_Scenario.00001: ALJOCOBCase1.ALJOCOB_RPTFILE_WRITE_01.00014: RPTFILE assertion" name="00012: Check for EMP_DTL_HIRE_YY"/>
    <testcase classname="ALJOCOB_PIPELINE2.ALJOCOB_Scenario.00001: ALJOCOBCase1.ALJOCOB_RPTFILE_WRITE_01.00014: RPTFILE assertion" name="00013: Check for FILLER4"/>
    <testcase classname="ALJOCOB_PIPELINE2.ALJOCOB_Scenario.00001: ALJOCOBCase1.ALJOCOB_RPTFILE_WRITE_01.00014: RPTFILE assertion" name="00014: Check for EMP_DTL_YRS_OF_SERVICE"/>
    <testcase classname="ALJOCOB_PIPELINE2.ALJOCOB_Scenario.00001: ALJOCOBCase1.ALJOCOB_RPTFILE_WRITE_01.00014: RPTFILE assertion" name="00015: Check for FILLER5"/>
    <testcase classname="ALJOCOB_PIPELINE2.ALJOCOB_Scenario.00001: ALJOCOBCase1.ALJOCOB_RPTFILE_WRITE_01.00014: RPTFILE assertion" name="00016: Check for EMP_DTL_WAGES"/>
    <testcase classname="ALJOCOB_PIPELINE2.ALJOCOB_Scenario.00001: ALJOCOBCase1.ALJOCOB_RPTFILE_WRITE_01.00014: RPTFILE assertion" name="00017: Check for FILLER6"/>
    <testcase classname="ALJOCOB_PIPELINE2.ALJOCOB_Scenario.00001: ALJOCOBCase1.ALJOCOB_RPTFILE_WRITE_01.00014: RPTFILE assertion" name="00018: Check for EMP_DTL_OT"/>
    <testcase classname="ALJOCOB_PIPELINE2.ALJOCOB_Scenario.00001: ALJOCOBCase1.ALJOCOB_RPTFILE_WRITE_01.00014: RPTFILE assertion" name="00019: Check for FILLER7"/>
    <testcase classname="ALJOCOB_PIPELINE2.ALJOCOB_Scenario.00001: ALJOCOBCase1.ALJOCOB_RPTFILE_WRITE_01.00014: RPTFILE assertion" name="00020: Check for EMP_DTL_COMM"/>
    <testcase classname="ALJOCOB_PIPELINE2.ALJOCOB_Scenario.00001: ALJOCOBCase1.ALJOCOB_RPTFILE_WRITE_01.00014: RPTFILE assertion" name="00021: Check for FILLER8"/>
    <testcase classname="ALJOCOB_PIPELINE2.ALJOCOB_Scenario.00001: ALJOCOBCase1.ALJOCOB_RPTFILE_WRITE_01.00014: RPTFILE assertion" name="00022: Check for EMP_DTL_TOTAL"/>
    <testcase classname="ALJOCOB_PIPELINE2.ALJOCOB_Scenario.00001: ALJOCOBCase1.ALJOCOB_RPTFILE_WRITE_01.00014: RPTFILE assertion" name="00023: Check for EXTRA_FIELD"/>
  </testsuite>
  <testsuite errors="0" failures="0" name="ALJOCOB_PIPELINE2.ALJOCOB_Scenario.00001: ALJOCOBCase1.ALJOCOB_RPTFILE_WRITE_01.00015: RPTFILE assertion" tests="179">
    <testcase classname="ALJOCOB_PIPELINE2.ALJOCOB_Scenario.00001: ALJOCOBCase1.ALJOCOB_RPTFILE_WRITE_01.00015: RPTFILE assertion" name="00001: Check for FILLER0"/>
    <testcase classname="ALJOCOB_PIPELINE2.ALJOCOB_Scenario.00001: ALJOCOBCase1.ALJOCOB_RPTFILE_WRITE_01.00015: RPTFILE assertion" name="00002: Check for EMP_DTL_NAME"/>
    <testcase classname="ALJOCOB_PIPELINE2.ALJOCOB_Scenario.00001: ALJOCOBCase1.ALJOCOB_RPTFILE_WRITE_01.00015: RPTFILE assertion" name="00003: Check for FILLER1"/>
    <testcase classname="ALJOCOB_PIPELINE2.ALJOCOB_Scenario.00001: ALJOCOBCase1.ALJOCOB_RPTFILE_WRITE_01.00015: RPTFILE assertion" name="00004: Check for EMP_DTL_REGION"/>
    <testcase classname="ALJOCOB_PIPELINE2.ALJOCOB_Scenario.00001: ALJOCOBCase1.ALJOCOB_RPTFILE_WRITE_01.00015: RPTFILE assertion" name="00005: Check for FILLER2"/>
    <testcase classname="ALJOCOB_PIPELINE2.ALJOCOB_Scenario.00001: ALJOCOBCase1.ALJOCOB_RPTFILE_WRITE_01.00015: RPTFILE assertion" name="00006: Check for EMP_DTL_TYPE"/>
    <testcase classname="ALJOCOB_PIPELINE2.ALJOCOB_Scenario.00001: ALJOCOBCase1.ALJOCOB_RPTFILE_WRITE_01.00015: RPTFILE assertion" name="00007: Check for FILLER3"/>
    <testcase classname="ALJOCOB_PIPELINE2.ALJOCOB_Scenario.00001: ALJOCOBCase1.ALJOCOB_RPTFILE_WRITE_01.00015: RPTFILE assertion" name="00008: Check for EMP_DTL_HIRE_MM"/>
    <testcase classname="ALJOCOB_PIPELINE2.ALJOCOB_Scenario.00001: ALJOCOBCase1.ALJOCOB_RPTFILE_WRITE_01.00015: RPTFILE assertion" name="00009: Check for EMP_DTL_SLASH1"/>
    <testcase classname="ALJOCOB_PIPELINE2.ALJOCOB_Scenario.00001: ALJOCOBCase1.ALJOCOB_RPTFILE_WRITE_01.00015: RPTFILE assertion" name="00010: Check for EMP_DTL_HIRE_DD"/>
    <testcase classname="ALJOCOB_PIPELINE2.ALJOCOB_Scenario.00001: ALJOCOBCase1.ALJOCOB_RPTFILE_WRITE_01.00015: RPTFILE assertion" name="00011: Check for EMP_DTL_SLASH2"/>
    <testcase classname="ALJOCOB_PIPELINE2.ALJOCOB_Scenario.00001: ALJOCOBCase1.ALJOCOB_RPTFILE_WRITE_01.00015: RPTFILE assertion" name="00012: Check for EMP_DTL_HIRE_YY"/>
    <testcase classname="ALJOCOB_PIPELINE2.ALJOCOB_Scenario.00001: ALJOCOBCase1.ALJOCOB_RPTFILE_WRITE_01.00015: RPTFILE assertion" name="00013: Check for FILLER4"/>
    <testcase classname="ALJOCOB_PIPELINE2.ALJOCOB_Scenario.00001: ALJOCOBCase1.ALJOCOB_RPTFILE_WRITE_01.00015: RPTFILE assertion" name="00014: Check for EMP_DTL_YRS_OF_SERVICE"/>
    <testcase classname="ALJOCOB_PIPELINE2.ALJOCOB_Scenario.00001: ALJOCOBCase1.ALJOCOB_RPTFILE_WRITE_01.00015: RPTFILE assertion" name="00015: Check for FILLER5"/>
    <testcase classname="ALJOCOB_PIPELINE2.ALJOCOB_Scenario.00001: ALJOCOBCase1.ALJOCOB_RPTFILE_WRITE_01.00015: RPTFILE assertion" name="00016: Check for EMP_DTL_WAGES"/>
    <testcase classname="ALJOCOB_PIPELINE2.ALJOCOB_Scenario.00001: ALJOCOBCase1.ALJOCOB_RPTFILE_WRITE_01.00015: RPTFILE assertion" name="00017: Check for FILLER6"/>
    <testcase classname="ALJOCOB_PIPELINE2.ALJOCOB_Scenario.00001: ALJOCOBCase1.ALJOCOB_RPTFILE_WRITE_01.00015: RPTFILE assertion" name="00018: Check for EMP_DTL_OT"/>
    <testcase classname="ALJOCOB_PIPELINE2.ALJOCOB_Scenario.00001: ALJOCOBCase1.ALJOCOB_RPTFILE_WRITE_01.00015: RPTFILE assertion" name="00019: Check for FILLER7"/>
    <testcase classname="ALJOCOB_PIPELINE2.ALJOCOB_Scenario.00001: ALJOCOBCase1.ALJOCOB_RPTFILE_WRITE_01.00015: RPTFILE assertion" name="00020: Check for EMP_DTL_COMM"/>
    <testcase classname="ALJOCOB_PIPELINE2.ALJOCOB_Scenario.00001: ALJOCOBCase1.ALJOCOB_RPTFILE_WRITE_01.00015: RPTFILE assertion" name="00021: Check for FILLER8"/>
    <testcase classname="ALJOCOB_PIPELINE2.ALJOCOB_Scenario.00001: ALJOCOBCase1.ALJOCOB_RPTFILE_WRITE_01.00015: RPTFILE assertion" name="00022: Check for EMP_DTL_TOTAL"/>
    <testcase classname="ALJOCOB_PIPELINE2.ALJOCOB_Scenario.00001: ALJOCOBCase1.ALJOCOB_RPTFILE_WRITE_01.00015: RPTFILE assertion" name="00023: Check for EXTRA_FIELD"/>
  </testsuite>
  <testsuite errors="0" failures="0" name="ALJOCOB_PIPELINE2.ALJOCOB_Scenario.00001: ALJOCOBCase1.ALJOCOB_RPTFILE_WRITE_01.00016: RPTFILE assertion" tests="202">
    <testcase classname="ALJOCOB_PIPELINE2.ALJOCOB_Scenario.00001: ALJOCOBCase1.ALJOCOB_RPTFILE_WRITE_01.00016: RPTFILE assertion" name="00001: Check for FILLER0"/>
    <testcase classname="ALJOCOB_PIPELINE2.ALJOCOB_Scenario.00001: ALJOCOBCase1.ALJOCOB_RPTFILE_WRITE_01.00016: RPTFILE assertion" name="00002: Check for EMP_DTL_NAME"/>
    <testcase classname="ALJOCOB_PIPELINE2.ALJOCOB_Scenario.00001: ALJOCOBCase1.ALJOCOB_RPTFILE_WRITE_01.00016: RPTFILE assertion" name="00003: Check for FILLER1"/>
    <testcase classname="ALJOCOB_PIPELINE2.ALJOCOB_Scenario.00001: ALJOCOBCase1.ALJOCOB_RPTFILE_WRITE_01.00016: RPTFILE assertion" name="00004: Check for EMP_DTL_REGION"/>
    <testcase classname="ALJOCOB_PIPELINE2.ALJOCOB_Scenario.00001: ALJOCOBCase1.ALJOCOB_RPTFILE_WRITE_01.00016: RPTFILE assertion" name="00005: Check for FILLER2"/>
    <testcase classname="ALJOCOB_PIPELINE2.ALJOCOB_Scenario.00001: ALJOCOBCase1.ALJOCOB_RPTFILE_WRITE_01.00016: RPTFILE assertion" name="00006: Check for EMP_DTL_TYPE"/>
    <testcase classname="ALJOCOB_PIPELINE2.ALJOCOB_Scenario.00001: ALJOCOBCase1.ALJOCOB_RPTFILE_WRITE_01.00016: RPTFILE assertion" name="00007: Check for FILLER3"/>
    <testcase classname="ALJOCOB_PIPELINE2.ALJOCOB_Scenario.00001: ALJOCOBCase1.ALJOCOB_RPTFILE_WRITE_01.00016: RPTFILE assertion" name="00008: Check for EMP_DTL_HIRE_MM"/>
    <testcase classname="ALJOCOB_PIPELINE2.ALJOCOB_Scenario.00001: ALJOCOBCase1.ALJOCOB_RPTFILE_WRITE_01.00016: RPTFILE assertion" name="00009: Check for EMP_DTL_SLASH1"/>
    <testcase classname="ALJOCOB_PIPELINE2.ALJOCOB_Scenario.00001: ALJOCOBCase1.ALJOCOB_RPTFILE_WRITE_01.00016: RPTFILE assertion" name="00010: Check for EMP_DTL_HIRE_DD"/>
    <testcase classname="ALJOCOB_PIPELINE2.ALJOCOB_Scenario.00001: ALJOCOBCase1.ALJOCOB_RPTFILE_WRITE_01.00016: RPTFILE assertion" name="00011: Check for EMP_DTL_SLASH2"/>
    <testcase classname="ALJOCOB_PIPELINE2.ALJOCOB_Scenario.00001: ALJOCOBCase1.ALJOCOB_RPTFILE_WRITE_01.00016: RPTFILE assertion" name="00012: Check for EMP_DTL_HIRE_YY"/>
    <testcase classname="ALJOCOB_PIPELINE2.ALJOCOB_Scenario.00001: ALJOCOBCase1.ALJOCOB_RPTFILE_WRITE_01.00016: RPTFILE assertion" name="00013: Check for FILLER4"/>
    <testcase classname="ALJOCOB_PIPELINE2.ALJOCOB_Scenario.00001: ALJOCOBCase1.ALJOCOB_RPTFILE_WRITE_01.00016: RPTFILE assertion" name="00014: Check for EMP_DTL_YRS_OF_SERVICE"/>
    <testcase classname="ALJOCOB_PIPELINE2.ALJOCOB_Scenario.00001: ALJOCOBCase1.ALJOCOB_RPTFILE_WRITE_01.00016: RPTFILE assertion" name="00015: Check for FILLER5"/>
    <testcase classname="ALJOCOB_PIPELINE2.ALJOCOB_Scenario.00001: ALJOCOBCase1.ALJOCOB_RPTFILE_WRITE_01.00016: RPTFILE assertion" name="00016: Check for EMP_DTL_WAGES"/>
    <testcase classname="ALJOCOB_PIPELINE2.ALJOCOB_Scenario.00001: ALJOCOBCase1.ALJOCOB_RPTFILE_WRITE_01.00016: RPTFILE assertion" name="00017: Check for FILLER6"/>
    <testcase classname="ALJOCOB_PIPELINE2.ALJOCOB_Scenario.00001: ALJOCOBCase1.ALJOCOB_RPTFILE_WRITE_01.00016: RPTFILE assertion" name="00018: Check for EMP_DTL_OT"/>
    <testcase classname="ALJOCOB_PIPELINE2.ALJOCOB_Scenario.00001: ALJOCOBCase1.ALJOCOB_RPTFILE_WRITE_01.00016: RPTFILE assertion" name="00019: Check for FILLER7"/>
    <testcase classname="ALJOCOB_PIPELINE2.ALJOCOB_Scenario.00001: ALJOCOBCase1.ALJOCOB_RPTFILE_WRITE_01.00016: RPTFILE assertion" name="00020: Check for EMP_DTL_COMM"/>
    <testcase classname="ALJOCOB_PIPELINE2.ALJOCOB_Scenario.00001: ALJOCOBCase1.ALJOCOB_RPTFILE_WRITE_01.00016: RPTFILE assertion" name="00021: Check for FILLER8"/>
    <testcase classname="ALJOCOB_PIPELINE2.ALJOCOB_Scenario.00001: ALJOCOBCase1.ALJOCOB_RPTFILE_WRITE_01.00016: RPTFILE assertion" name="00022: Check for EMP_DTL_TOTAL"/>
    <testcase classname="ALJOCOB_PIPELINE2.ALJOCOB_Scenario.00001: ALJOCOBCase1.ALJOCOB_RPTFILE_WRITE_01.00016: RPTFILE assertion" name="00023: Check for EXTRA_FIELD"/>
  </testsuite>
  <testsuite errors="0" failures="0" name="ALJOCOB_PIPELINE2.ALJOCOB_Scenario.00001: ALJOCOBCase1.ALJOCOB_RPTFILE_WRITE_01.00017: RPTFILE assertion" tests="225">
    <testcase classname="ALJOCOB_PIPELINE2.ALJOCOB_Scenario.00001: ALJOCOBCase1.ALJOCOB_RPTFILE_WRITE_01.00017: RPTFILE assertion" name="00001: Check for FILLER0"/>
    <testcase classname="ALJOCOB_PIPELINE2.ALJOCOB_Scenario.00001: ALJOCOBCase1.ALJOCOB_RPTFILE_WRITE_01.00017: RPTFILE assertion" name="00002: Check for EMP_DTL_NAME"/>
    <testcase classname="ALJOCOB_PIPELINE2.ALJOCOB_Scenario.00001: ALJOCOBCase1.ALJOCOB_RPTFILE_WRITE_01.00017: RPTFILE assertion" name="00003: Check for FILLER1"/>
    <testcase classname="ALJOCOB_PIPELINE2.ALJOCOB_Scenario.00001: ALJOCOBCase1.ALJOCOB_RPTFILE_WRITE_01.00017: RPTFILE assertion" name="00004: Check for EMP_DTL_REGION"/>
    <testcase classname="ALJOCOB_PIPELINE2.ALJOCOB_Scenario.00001: ALJOCOBCase1.ALJOCOB_RPTFILE_WRITE_01.00017: RPTFILE assertion" name="00005: Check for FILLER2"/>
    <testcase classname="ALJOCOB_PIPELINE2.ALJOCOB_Scenario.00001: ALJOCOBCase1.ALJOCOB_RPTFILE_WRITE_01.00017: RPTFILE assertion" name="00006: Check for EMP_DTL_TYPE"/>
    <testcase classname="ALJOCOB_PIPELINE2.ALJOCOB_Scenario.00001: ALJOCOBCase1.ALJOCOB_RPTFILE_WRITE_01.00017: RPTFILE assertion" name="00007: Check for FILLER3"/>
    <testcase classname="ALJOCOB_PIPELINE2.ALJOCOB_Scenario.00001: ALJOCOBCase1.ALJOCOB_RPTFILE_WRITE_01.00017: RPTFILE assertion" name="00008: Check for EMP_DTL_HIRE_MM"/>
    <testcase classname="ALJOCOB_PIPELINE2.ALJOCOB_Scenario.00001: ALJOCOBCase1.ALJOCOB_RPTFILE_WRITE_01.00017: RPTFILE assertion" name="00009: Check for EMP_DTL_SLASH1"/>
    <testcase classname="ALJOCOB_PIPELINE2.ALJOCOB_Scenario.00001: ALJOCOBCase1.ALJOCOB_RPTFILE_WRITE_01.00017: RPTFILE assertion" name="00010: Check for EMP_DTL_HIRE_DD"/>
    <testcase classname="ALJOCOB_PIPELINE2.ALJOCOB_Scenario.00001: ALJOCOBCase1.ALJOCOB_RPTFILE_WRITE_01.00017: RPTFILE assertion" name="00011: Check for EMP_DTL_SLASH2"/>
    <testcase classname="ALJOCOB_PIPELINE2.ALJOCOB_Scenario.00001: ALJOCOBCase1.ALJOCOB_RPTFILE_WRITE_01.00017: RPTFILE assertion" name="00012: Check for EMP_DTL_HIRE_YY"/>
    <testcase classname="ALJOCOB_PIPELINE2.ALJOCOB_Scenario.00001: ALJOCOBCase1.ALJOCOB_RPTFILE_WRITE_01.00017: RPTFILE assertion" name="00013: Check for FILLER4"/>
    <testcase classname="ALJOCOB_PIPELINE2.ALJOCOB_Scenario.00001: ALJOCOBCase1.ALJOCOB_RPTFILE_WRITE_01.00017: RPTFILE assertion" name="00014: Check for EMP_DTL_YRS_OF_SERVICE"/>
    <testcase classname="ALJOCOB_PIPELINE2.ALJOCOB_Scenario.00001: ALJOCOBCase1.ALJOCOB_RPTFILE_WRITE_01.00017: RPTFILE assertion" name="00015: Check for FILLER5"/>
    <testcase classname="ALJOCOB_PIPELINE2.ALJOCOB_Scenario.00001: ALJOCOBCase1.ALJOCOB_RPTFILE_WRITE_01.00017: RPTFILE assertion" name="00016: Check for EMP_DTL_WAGES"/>
    <testcase classname="ALJOCOB_PIPELINE2.ALJOCOB_Scenario.00001: ALJOCOBCase1.ALJOCOB_RPTFILE_WRITE_01.00017: RPTFILE assertion" name="00017: Check for FILLER6"/>
    <testcase classname="ALJOCOB_PIPELINE2.ALJOCOB_Scenario.00001: ALJOCOBCase1.ALJOCOB_RPTFILE_WRITE_01.00017: RPTFILE assertion" name="00018: Check for EMP_DTL_OT"/>
    <testcase classname="ALJOCOB_PIPELINE2.ALJOCOB_Scenario.00001: ALJOCOBCase1.ALJOCOB_RPTFILE_WRITE_01.00017: RPTFILE assertion" name="00019: Check for FILLER7"/>
    <testcase classname="ALJOCOB_PIPELINE2.ALJOCOB_Scenario.00001: ALJOCOBCase1.ALJOCOB_RPTFILE_WRITE_01.00017: RPTFILE assertion" name="00020: Check for EMP_DTL_COMM"/>
    <testcase classname="ALJOCOB_PIPELINE2.ALJOCOB_Scenario.00001: ALJOCOBCase1.ALJOCOB_RPTFILE_WRITE_01.00017: RPTFILE assertion" name="00021: Check for FILLER8"/>
    <testcase classname="ALJOCOB_PIPELINE2.ALJOCOB_Scenario.00001: ALJOCOBCase1.ALJOCOB_RPTFILE_WRITE_01.00017: RPTFILE assertion" name="00022: Check for EMP_DTL_TOTAL"/>
    <testcase classname="ALJOCOB_PIPELINE2.ALJOCOB_Scenario.00001: ALJOCOBCase1.ALJOCOB_RPTFILE_WRITE_01.00017: RPTFILE assertion" name="00023: Check for EXTRA_FIELD"/>
  </testsuite>
  <testsuite errors="0" failures="0" name="ALJOCOB_PIPELINE2.ALJOCOB_Scenario.00001: ALJOCOBCase1.ALJOCOB_RPTFILE_WRITE_01.00018: RPTFILE assertion" tests="248">
    <testcase classname="ALJOCOB_PIPELINE2.ALJOCOB_Scenario.00001: ALJOCOBCase1.ALJOCOB_RPTFILE_WRITE_01.00018: RPTFILE assertion" name="00001: Check for FILLER0"/>
    <testcase classname="ALJOCOB_PIPELINE2.ALJOCOB_Scenario.00001: ALJOCOBCase1.ALJOCOB_RPTFILE_WRITE_01.00018: RPTFILE assertion" name="00002: Check for EMP_DTL_NAME"/>
    <testcase classname="ALJOCOB_PIPELINE2.ALJOCOB_Scenario.00001: ALJOCOBCase1.ALJOCOB_RPTFILE_WRITE_01.00018: RPTFILE assertion" name="00003: Check for FILLER1"/>
    <testcase classname="ALJOCOB_PIPELINE2.ALJOCOB_Scenario.00001: ALJOCOBCase1.ALJOCOB_RPTFILE_WRITE_01.00018: RPTFILE assertion" name="00004: Check for EMP_DTL_REGION"/>
    <testcase classname="ALJOCOB_PIPELINE2.ALJOCOB_Scenario.00001: ALJOCOBCase1.ALJOCOB_RPTFILE_WRITE_01.00018: RPTFILE assertion" name="00005: Check for FILLER2"/>
    <testcase classname="ALJOCOB_PIPELINE2.ALJOCOB_Scenario.00001: ALJOCOBCase1.ALJOCOB_RPTFILE_WRITE_01.00018: RPTFILE assertion" name="00006: Check for EMP_DTL_TYPE"/>
    <testcase classname="ALJOCOB_PIPELINE2.ALJOCOB_Scenario.00001: ALJOCOBCase1.ALJOCOB_RPTFILE_WRITE_01.00018: RPTFILE assertion" name="00007: Check for FILLER3"/>
    <testcase classname="ALJOCOB_PIPELINE2.ALJOCOB_Scenario.00001: ALJOCOBCase1.ALJOCOB_RPTFILE_WRITE_01.00018: RPTFILE assertion" name="00008: Check for EMP_DTL_HIRE_MM"/>
    <testcase classname="ALJOCOB_PIPELINE2.ALJOCOB_Scenario.00001: ALJOCOBCase1.ALJOCOB_RPTFILE_WRITE_01.00018: RPTFILE assertion" name="00009: Check for EMP_DTL_SLASH1"/>
    <testcase classname="ALJOCOB_PIPELINE2.ALJOCOB_Scenario.00001: ALJOCOBCase1.ALJOCOB_RPTFILE_WRITE_01.00018: RPTFILE assertion" name="00010: Check for EMP_DTL_HIRE_DD"/>
    <testcase classname="ALJOCOB_PIPELINE2.ALJOCOB_Scenario.00001: ALJOCOBCase1.ALJOCOB_RPTFILE_WRITE_01.00018: RPTFILE assertion" name="00011: Check for EMP_DTL_SLASH2"/>
    <testcase classname="ALJOCOB_PIPELINE2.ALJOCOB_Scenario.00001: ALJOCOBCase1.ALJOCOB_RPTFILE_WRITE_01.00018: RPTFILE assertion" name="00012: Check for EMP_DTL_HIRE_YY"/>
    <testcase classname="ALJOCOB_PIPELINE2.ALJOCOB_Scenario.00001: ALJOCOBCase1.ALJOCOB_RPTFILE_WRITE_01.00018: RPTFILE assertion" name="00013: Check for FILLER4"/>
    <testcase classname="ALJOCOB_PIPELINE2.ALJOCOB_Scenario.00001: ALJOCOBCase1.ALJOCOB_RPTFILE_WRITE_01.00018: RPTFILE assertion" name="00014: Check for EMP_DTL_YRS_OF_SERVICE"/>
    <testcase classname="ALJOCOB_PIPELINE2.ALJOCOB_Scenario.00001: ALJOCOBCase1.ALJOCOB_RPTFILE_WRITE_01.00018: RPTFILE assertion" name="00015: Check for FILLER5"/>
    <testcase classname="ALJOCOB_PIPELINE2.ALJOCOB_Scenario.00001: ALJOCOBCase1.ALJOCOB_RPTFILE_WRITE_01.00018: RPTFILE assertion" name="00016: Check for EMP_DTL_WAGES"/>
    <testcase classname="ALJOCOB_PIPELINE2.ALJOCOB_Scenario.00001: ALJOCOBCase1.ALJOCOB_RPTFILE_WRITE_01.00018: RPTFILE assertion" name="00017: Check for FILLER6"/>
    <testcase classname="ALJOCOB_PIPELINE2.ALJOCOB_Scenario.00001: ALJOCOBCase1.ALJOCOB_RPTFILE_WRITE_01.00018: RPTFILE assertion" name="00018: Check for EMP_DTL_OT"/>
    <testcase classname="ALJOCOB_PIPELINE2.ALJOCOB_Scenario.00001: ALJOCOBCase1.ALJOCOB_RPTFILE_WRITE_01.00018: RPTFILE assertion" name="00019: Check for FILLER7"/>
    <testcase classname="ALJOCOB_PIPELINE2.ALJOCOB_Scenario.00001: ALJOCOBCase1.ALJOCOB_RPTFILE_WRITE_01.00018: RPTFILE assertion" name="00020: Check for EMP_DTL_COMM"/>
    <testcase classname="ALJOCOB_PIPELINE2.ALJOCOB_Scenario.00001: ALJOCOBCase1.ALJOCOB_RPTFILE_WRITE_01.00018: RPTFILE assertion" name="00021: Check for FILLER8"/>
    <testcase classname="ALJOCOB_PIPELINE2.ALJOCOB_Scenario.00001: ALJOCOBCase1.ALJOCOB_RPTFILE_WRITE_01.00018: RPTFILE assertion" name="00022: Check for EMP_DTL_TOTAL"/>
    <testcase classname="ALJOCOB_PIPELINE2.ALJOCOB_Scenario.00001: ALJOCOBCase1.ALJOCOB_RPTFILE_WRITE_01.00018: RPTFILE assertion" name="00023: Check for EXTRA_FIELD"/>
  </testsuite>
  <testsuite errors="0" failures="0" name="ALJOCOB_PIPELINE2.ALJOCOB_Scenario.00001: ALJOCOBCase1.ALJOCOB_RPTFILE_WRITE_01.00019: RPTFILE assertion" tests="271">
    <testcase classname="ALJOCOB_PIPELINE2.ALJOCOB_Scenario.00001: ALJOCOBCase1.ALJOCOB_RPTFILE_WRITE_01.00019: RPTFILE assertion" name="00001: Check for FILLER0"/>
    <testcase classname="ALJOCOB_PIPELINE2.ALJOCOB_Scenario.00001: ALJOCOBCase1.ALJOCOB_RPTFILE_WRITE_01.00019: RPTFILE assertion" name="00002: Check for EMP_DTL_NAME"/>
    <testcase classname="ALJOCOB_PIPELINE2.ALJOCOB_Scenario.00001: ALJOCOBCase1.ALJOCOB_RPTFILE_WRITE_01.00019: RPTFILE assertion" name="00003: Check for FILLER1"/>
    <testcase classname="ALJOCOB_PIPELINE2.ALJOCOB_Scenario.00001: ALJOCOBCase1.ALJOCOB_RPTFILE_WRITE_01.00019: RPTFILE assertion" name="00004: Check for EMP_DTL_REGION"/>
    <testcase classname="ALJOCOB_PIPELINE2.ALJOCOB_Scenario.00001: ALJOCOBCase1.ALJOCOB_RPTFILE_WRITE_01.00019: RPTFILE assertion" name="00005: Check for FILLER2"/>
    <testcase classname="ALJOCOB_PIPELINE2.ALJOCOB_Scenario.00001: ALJOCOBCase1.ALJOCOB_RPTFILE_WRITE_01.00019: RPTFILE assertion" name="00006: Check for EMP_DTL_TYPE"/>
    <testcase classname="ALJOCOB_PIPELINE2.ALJOCOB_Scenario.00001: ALJOCOBCase1.ALJOCOB_RPTFILE_WRITE_01.00019: RPTFILE assertion" name="00007: Check for FILLER3"/>
    <testcase classname="ALJOCOB_PIPELINE2.ALJOCOB_Scenario.00001: ALJOCOBCase1.ALJOCOB_RPTFILE_WRITE_01.00019: RPTFILE assertion" name="00008: Check for EMP_DTL_HIRE_MM"/>
    <testcase classname="ALJOCOB_PIPELINE2.ALJOCOB_Scenario.00001: ALJOCOBCase1.ALJOCOB_RPTFILE_WRITE_01.00019: RPTFILE assertion" name="00009: Check for EMP_DTL_SLASH1"/>
    <testcase classname="ALJOCOB_PIPELINE2.ALJOCOB_Scenario.00001: ALJOCOBCase1.ALJOCOB_RPTFILE_WRITE_01.00019: RPTFILE assertion" name="00010: Check for EMP_DTL_HIRE_DD"/>
    <testcase classname="ALJOCOB_PIPELINE2.ALJOCOB_Scenario.00001: ALJOCOBCase1.ALJOCOB_RPTFILE_WRITE_01.00019: RPTFILE assertion" name="00011: Check for EMP_DTL_SLASH2"/>
    <testcase classname="ALJOCOB_PIPELINE2.ALJOCOB_Scenario.00001: ALJOCOBCase1.ALJOCOB_RPTFILE_WRITE_01.00019: RPTFILE assertion" name="00012: Check for EMP_DTL_HIRE_YY"/>
    <testcase classname="ALJOCOB_PIPELINE2.ALJOCOB_Scenario.00001: ALJOCOBCase1.ALJOCOB_RPTFILE_WRITE_01.00019: RPTFILE assertion" name="00013: Check for FILLER4"/>
    <testcase classname="ALJOCOB_PIPELINE2.ALJOCOB_Scenario.00001: ALJOCOBCase1.ALJOCOB_RPTFILE_WRITE_01.00019: RPTFILE assertion" name="00014: Check for EMP_DTL_YRS_OF_SERVICE"/>
    <testcase classname="ALJOCOB_PIPELINE2.ALJOCOB_Scenario.00001: ALJOCOBCase1.ALJOCOB_RPTFILE_WRITE_01.00019: RPTFILE assertion" name="00015: Check for FILLER5"/>
    <testcase classname="ALJOCOB_PIPELINE2.ALJOCOB_Scenario.00001: ALJOCOBCase1.ALJOCOB_RPTFILE_WRITE_01.00019: RPTFILE assertion" name="00016: Check for EMP_DTL_WAGES"/>
    <testcase classname="ALJOCOB_PIPELINE2.ALJOCOB_Scenario.00001: ALJOCOBCase1.ALJOCOB_RPTFILE_WRITE_01.00019: RPTFILE assertion" name="00017: Check for FILLER6"/>
    <testcase classname="ALJOCOB_PIPELINE2.ALJOCOB_Scenario.00001: ALJOCOBCase1.ALJOCOB_RPTFILE_WRITE_01.00019: RPTFILE assertion" name="00018: Check for EMP_DTL_OT"/>
    <testcase classname="ALJOCOB_PIPELINE2.ALJOCOB_Scenario.00001: ALJOCOBCase1.ALJOCOB_RPTFILE_WRITE_01.00019: RPTFILE assertion" name="00019: Check for FILLER7"/>
    <testcase classname="ALJOCOB_PIPELINE2.ALJOCOB_Scenario.00001: ALJOCOBCase1.ALJOCOB_RPTFILE_WRITE_01.00019: RPTFILE assertion" name="00020: Check for EMP_DTL_COMM"/>
    <testcase classname="ALJOCOB_PIPELINE2.ALJOCOB_Scenario.00001: ALJOCOBCase1.ALJOCOB_RPTFILE_WRITE_01.00019: RPTFILE assertion" name="00021: Check for FILLER8"/>
    <testcase classname="ALJOCOB_PIPELINE2.ALJOCOB_Scenario.00001: ALJOCOBCase1.ALJOCOB_RPTFILE_WRITE_01.00019: RPTFILE assertion" name="00022: Check for EMP_DTL_TOTAL"/>
    <testcase classname="ALJOCOB_PIPELINE2.ALJOCOB_Scenario.00001: ALJOCOBCase1.ALJOCOB_RPTFILE_WRITE_01.00019: RPTFILE assertion" name="00023: Check for EXTRA_FIELD"/>
  </testsuite>
  <testsuite errors="0" failures="0" name="ALJOCOB_PIPELINE2.ALJOCOB_Scenario.00001: ALJOCOBCase1.ALJOCOB_RPTFILE_WRITE_01.00020: RPTFILE assertion" tests="294">
    <testcase classname="ALJOCOB_PIPELINE2.ALJOCOB_Scenario.00001: ALJOCOBCase1.ALJOCOB_RPTFILE_WRITE_01.00020: RPTFILE assertion" name="00001: Check for FILLER0"/>
    <testcase classname="ALJOCOB_PIPELINE2.ALJOCOB_Scenario.00001: ALJOCOBCase1.ALJOCOB_RPTFILE_WRITE_01.00020: RPTFILE assertion" name="00002: Check for EMP_DTL_NAME"/>
    <testcase classname="ALJOCOB_PIPELINE2.ALJOCOB_Scenario.00001: ALJOCOBCase1.ALJOCOB_RPTFILE_WRITE_01.00020: RPTFILE assertion" name="00003: Check for FILLER1"/>
    <testcase classname="ALJOCOB_PIPELINE2.ALJOCOB_Scenario.00001: ALJOCOBCase1.ALJOCOB_RPTFILE_WRITE_01.00020: RPTFILE assertion" name="00004: Check for EMP_DTL_REGION"/>
    <testcase classname="ALJOCOB_PIPELINE2.ALJOCOB_Scenario.00001: ALJOCOBCase1.ALJOCOB_RPTFILE_WRITE_01.00020: RPTFILE assertion" name="00005: Check for FILLER2"/>
    <testcase classname="ALJOCOB_PIPELINE2.ALJOCOB_Scenario.00001: ALJOCOBCase1.ALJOCOB_RPTFILE_WRITE_01.00020: RPTFILE assertion" name="00006: Check for EMP_DTL_TYPE"/>
    <testcase classname="ALJOCOB_PIPELINE2.ALJOCOB_Scenario.00001: ALJOCOBCase1.ALJOCOB_RPTFILE_WRITE_01.00020: RPTFILE assertion" name="00007: Check for FILLER3"/>
    <testcase classname="ALJOCOB_PIPELINE2.ALJOCOB_Scenario.00001: ALJOCOBCase1.ALJOCOB_RPTFILE_WRITE_01.00020: RPTFILE assertion" name="00008: Check for EMP_DTL_HIRE_MM"/>
    <testcase classname="ALJOCOB_PIPELINE2.ALJOCOB_Scenario.00001: ALJOCOBCase1.ALJOCOB_RPTFILE_WRITE_01.00020: RPTFILE assertion" name="00009: Check for EMP_DTL_SLASH1"/>
    <testcase classname="ALJOCOB_PIPELINE2.ALJOCOB_Scenario.00001: ALJOCOBCase1.ALJOCOB_RPTFILE_WRITE_01.00020: RPTFILE assertion" name="00010: Check for EMP_DTL_HIRE_DD"/>
    <testcase classname="ALJOCOB_PIPELINE2.ALJOCOB_Scenario.00001: ALJOCOBCase1.ALJOCOB_RPTFILE_WRITE_01.00020: RPTFILE assertion" name="00011: Check for EMP_DTL_SLASH2"/>
    <testcase classname="ALJOCOB_PIPELINE2.ALJOCOB_Scenario.00001: ALJOCOBCase1.ALJOCOB_RPTFILE_WRITE_01.00020: RPTFILE assertion" name="00012: Check for EMP_DTL_HIRE_YY"/>
    <testcase classname="ALJOCOB_PIPELINE2.ALJOCOB_Scenario.00001: ALJOCOBCase1.ALJOCOB_RPTFILE_WRITE_01.00020: RPTFILE assertion" name="00013: Check for FILLER4"/>
    <testcase classname="ALJOCOB_PIPELINE2.ALJOCOB_Scenario.00001: ALJOCOBCase1.ALJOCOB_RPTFILE_WRITE_01.00020: RPTFILE assertion" name="00014: Check for EMP_DTL_YRS_OF_SERVICE"/>
    <testcase classname="ALJOCOB_PIPELINE2.ALJOCOB_Scenario.00001: ALJOCOBCase1.ALJOCOB_RPTFILE_WRITE_01.00020: RPTFILE assertion" name="00015: Check for FILLER5"/>
    <testcase classname="ALJOCOB_PIPELINE2.ALJOCOB_Scenario.00001: ALJOCOBCase1.ALJOCOB_RPTFILE_WRITE_01.00020: RPTFILE assertion" name="00016: Check for EMP_DTL_WAGES"/>
    <testcase classname="ALJOCOB_PIPELINE2.ALJOCOB_Scenario.00001: ALJOCOBCase1.ALJOCOB_RPTFILE_WRITE_01.00020: RPTFILE assertion" name="00017: Check for FILLER6"/>
    <testcase classname="ALJOCOB_PIPELINE2.ALJOCOB_Scenario.00001: ALJOCOBCase1.ALJOCOB_RPTFILE_WRITE_01.00020: RPTFILE assertion" name="00018: Check for EMP_DTL_OT"/>
    <testcase classname="ALJOCOB_PIPELINE2.ALJOCOB_Scenario.00001: ALJOCOBCase1.ALJOCOB_RPTFILE_WRITE_01.00020: RPTFILE assertion" name="00019: Check for FILLER7"/>
    <testcase classname="ALJOCOB_PIPELINE2.ALJOCOB_Scenario.00001: ALJOCOBCase1.ALJOCOB_RPTFILE_WRITE_01.00020: RPTFILE assertion" name="00020: Check for EMP_DTL_COMM"/>
    <testcase classname="ALJOCOB_PIPELINE2.ALJOCOB_Scenario.00001: ALJOCOBCase1.ALJOCOB_RPTFILE_WRITE_01.00020: RPTFILE assertion" name="00021: Check for FILLER8"/>
    <testcase classname="ALJOCOB_PIPELINE2.ALJOCOB_Scenario.00001: ALJOCOBCase1.ALJOCOB_RPTFILE_WRITE_01.00020: RPTFILE assertion" name="00022: Check for EMP_DTL_TOTAL"/>
    <testcase classname="ALJOCOB_PIPELINE2.ALJOCOB_Scenario.00001: ALJOCOBCase1.ALJOCOB_RPTFILE_WRITE_01.00020: RPTFILE assertion" name="00023: Check for EXTRA_FIELD"/>
  </testsuite>
  <testsuite errors="0" failures="0" name="ALJOCOB_PIPELINE2.ALJOCOB_Scenario.00001: ALJOCOBCase1.ALJOCOB_RPTFILE_WRITE_01.00021: RPTFILE assertion" tests="317">
    <testcase classname="ALJOCOB_PIPELINE2.ALJOCOB_Scenario.00001: ALJOCOBCase1.ALJOCOB_RPTFILE_WRITE_01.00021: RPTFILE assertion" name="00001: Check for FILLER0"/>
    <testcase classname="ALJOCOB_PIPELINE2.ALJOCOB_Scenario.00001: ALJOCOBCase1.ALJOCOB_RPTFILE_WRITE_01.00021: RPTFILE assertion" name="00002: Check for EMP_DTL_NAME"/>
    <testcase classname="ALJOCOB_PIPELINE2.ALJOCOB_Scenario.00001: ALJOCOBCase1.ALJOCOB_RPTFILE_WRITE_01.00021: RPTFILE assertion" name="00003: Check for FILLER1"/>
    <testcase classname="ALJOCOB_PIPELINE2.ALJOCOB_Scenario.00001: ALJOCOBCase1.ALJOCOB_RPTFILE_WRITE_01.00021: RPTFILE assertion" name="00004: Check for EMP_DTL_REGION"/>
    <testcase classname="ALJOCOB_PIPELINE2.ALJOCOB_Scenario.00001: ALJOCOBCase1.ALJOCOB_RPTFILE_WRITE_01.00021: RPTFILE assertion" name="00005: Check for FILLER2"/>
    <testcase classname="ALJOCOB_PIPELINE2.ALJOCOB_Scenario.00001: ALJOCOBCase1.ALJOCOB_RPTFILE_WRITE_01.00021: RPTFILE assertion" name="00006: Check for EMP_DTL_TYPE"/>
    <testcase classname="ALJOCOB_PIPELINE2.ALJOCOB_Scenario.00001: ALJOCOBCase1.ALJOCOB_RPTFILE_WRITE_01.00021: RPTFILE assertion" name="00007: Check for FILLER3"/>
    <testcase classname="ALJOCOB_PIPELINE2.ALJOCOB_Scenario.00001: ALJOCOBCase1.ALJOCOB_RPTFILE_WRITE_01.00021: RPTFILE assertion" name="00008: Check for EMP_DTL_HIRE_MM"/>
    <testcase classname="ALJOCOB_PIPELINE2.ALJOCOB_Scenario.00001: ALJOCOBCase1.ALJOCOB_RPTFILE_WRITE_01.00021: RPTFILE assertion" name="00009: Check for EMP_DTL_SLASH1"/>
    <testcase classname="ALJOCOB_PIPELINE2.ALJOCOB_Scenario.00001: ALJOCOBCase1.ALJOCOB_RPTFILE_WRITE_01.00021: RPTFILE assertion" name="00010: Check for EMP_DTL_HIRE_DD"/>
    <testcase classname="ALJOCOB_PIPELINE2.ALJOCOB_Scenario.00001: ALJOCOBCase1.ALJOCOB_RPTFILE_WRITE_01.00021: RPTFILE assertion" name="00011: Check for EMP_DTL_SLASH2"/>
    <testcase classname="ALJOCOB_PIPELINE2.ALJOCOB_Scenario.00001: ALJOCOBCase1.ALJOCOB_RPTFILE_WRITE_01.00021: RPTFILE assertion" name="00012: Check for EMP_DTL_HIRE_YY"/>
    <testcase classname="ALJOCOB_PIPELINE2.ALJOCOB_Scenario.00001: ALJOCOBCase1.ALJOCOB_RPTFILE_WRITE_01.00021: RPTFILE assertion" name="00013: Check for FILLER4"/>
    <testcase classname="ALJOCOB_PIPELINE2.ALJOCOB_Scenario.00001: ALJOCOBCase1.ALJOCOB_RPTFILE_WRITE_01.00021: RPTFILE assertion" name="00014: Check for EMP_DTL_YRS_OF_SERVICE"/>
    <testcase classname="ALJOCOB_PIPELINE2.ALJOCOB_Scenario.00001: ALJOCOBCase1.ALJOCOB_RPTFILE_WRITE_01.00021: RPTFILE assertion" name="00015: Check for FILLER5"/>
    <testcase classname="ALJOCOB_PIPELINE2.ALJOCOB_Scenario.00001: ALJOCOBCase1.ALJOCOB_RPTFILE_WRITE_01.00021: RPTFILE assertion" name="00016: Check for EMP_DTL_WAGES"/>
    <testcase classname="ALJOCOB_PIPELINE2.ALJOCOB_Scenario.00001: ALJOCOBCase1.ALJOCOB_RPTFILE_WRITE_01.00021: RPTFILE assertion" name="00017: Check for FILLER6"/>
    <testcase classname="ALJOCOB_PIPELINE2.ALJOCOB_Scenario.00001: ALJOCOBCase1.ALJOCOB_RPTFILE_WRITE_01.00021: RPTFILE assertion" name="00018: Check for EMP_DTL_OT"/>
    <testcase classname="ALJOCOB_PIPELINE2.ALJOCOB_Scenario.00001: ALJOCOBCase1.ALJOCOB_RPTFILE_WRITE_01.00021: RPTFILE assertion" name="00019: Check for FILLER7"/>
    <testcase classname="ALJOCOB_PIPELINE2.ALJOCOB_Scenario.00001: ALJOCOBCase1.ALJOCOB_RPTFILE_WRITE_01.00021: RPTFILE assertion" name="00020: Check for EMP_DTL_COMM"/>
    <testcase classname="ALJOCOB_PIPELINE2.ALJOCOB_Scenario.00001: ALJOCOBCase1.ALJOCOB_RPTFILE_WRITE_01.00021: RPTFILE assertion" name="00021: Check for FILLER8"/>
    <testcase classname="ALJOCOB_PIPELINE2.ALJOCOB_Scenario.00001: ALJOCOBCase1.ALJOCOB_RPTFILE_WRITE_01.00021: RPTFILE assertion" name="00022: Check for EMP_DTL_TOTAL"/>
    <testcase classname="ALJOCOB_PIPELINE2.ALJOCOB_Scenario.00001: ALJOCOBCase1.ALJOCOB_RPTFILE_WRITE_01.00021: RPTFILE assertion" name="00023: Check for EXTRA_FIELD"/>
  </testsuite>
  <testsuite errors="0" failures="0" name="ALJOCOB_PIPELINE2.ALJOCOB_Scenario.00001: ALJOCOBCase1.ALJOCOB_RPTFILE_WRITE_01.00022: RPTFILE assertion" tests="340">
    <testcase classname="ALJOCOB_PIPELINE2.ALJOCOB_Scenario.00001: ALJOCOBCase1.ALJOCOB_RPTFILE_WRITE_01.00022: RPTFILE assertion" name="00001: Check for FILLER0"/>
    <testcase classname="ALJOCOB_PIPELINE2.ALJOCOB_Scenario.00001: ALJOCOBCase1.ALJOCOB_RPTFILE_WRITE_01.00022: RPTFILE assertion" name="00002: Check for EMP_DTL_NAME"/>
    <testcase classname="ALJOCOB_PIPELINE2.ALJOCOB_Scenario.00001: ALJOCOBCase1.ALJOCOB_RPTFILE_WRITE_01.00022: RPTFILE assertion" name="00003: Check for FILLER1"/>
    <testcase classname="ALJOCOB_PIPELINE2.ALJOCOB_Scenario.00001: ALJOCOBCase1.ALJOCOB_RPTFILE_WRITE_01.00022: RPTFILE assertion" name="00004: Check for EMP_DTL_REGION"/>
    <testcase classname="ALJOCOB_PIPELINE2.ALJOCOB_Scenario.00001: ALJOCOBCase1.ALJOCOB_RPTFILE_WRITE_01.00022: RPTFILE assertion" name="00005: Check for FILLER2"/>
    <testcase classname="ALJOCOB_PIPELINE2.ALJOCOB_Scenario.00001: ALJOCOBCase1.ALJOCOB_RPTFILE_WRITE_01.00022: RPTFILE assertion" name="00006: Check for EMP_DTL_TYPE"/>
    <testcase classname="ALJOCOB_PIPELINE2.ALJOCOB_Scenario.00001: ALJOCOBCase1.ALJOCOB_RPTFILE_WRITE_01.00022: RPTFILE assertion" name="00007: Check for FILLER3"/>
    <testcase classname="ALJOCOB_PIPELINE2.ALJOCOB_Scenario.00001: ALJOCOBCase1.ALJOCOB_RPTFILE_WRITE_01.00022: RPTFILE assertion" name="00008: Check for EMP_DTL_HIRE_MM"/>
    <testcase classname="ALJOCOB_PIPELINE2.ALJOCOB_Scenario.00001: ALJOCOBCase1.ALJOCOB_RPTFILE_WRITE_01.00022: RPTFILE assertion" name="00009: Check for EMP_DTL_SLASH1"/>
    <testcase classname="ALJOCOB_PIPELINE2.ALJOCOB_Scenario.00001: ALJOCOBCase1.ALJOCOB_RPTFILE_WRITE_01.00022: RPTFILE assertion" name="00010: Check for EMP_DTL_HIRE_DD"/>
    <testcase classname="ALJOCOB_PIPELINE2.ALJOCOB_Scenario.00001: ALJOCOBCase1.ALJOCOB_RPTFILE_WRITE_01.00022: RPTFILE assertion" name="00011: Check for EMP_DTL_SLASH2"/>
    <testcase classname="ALJOCOB_PIPELINE2.ALJOCOB_Scenario.00001: ALJOCOBCase1.ALJOCOB_RPTFILE_WRITE_01.00022: RPTFILE assertion" name="00012: Check for EMP_DTL_HIRE_YY"/>
    <testcase classname="ALJOCOB_PIPELINE2.ALJOCOB_Scenario.00001: ALJOCOBCase1.ALJOCOB_RPTFILE_WRITE_01.00022: RPTFILE assertion" name="00013: Check for FILLER4"/>
    <testcase classname="ALJOCOB_PIPELINE2.ALJOCOB_Scenario.00001: ALJOCOBCase1.ALJOCOB_RPTFILE_WRITE_01.00022: RPTFILE assertion" name="00014: Check for EMP_DTL_YRS_OF_SERVICE"/>
    <testcase classname="ALJOCOB_PIPELINE2.ALJOCOB_Scenario.00001: ALJOCOBCase1.ALJOCOB_RPTFILE_WRITE_01.00022: RPTFILE assertion" name="00015: Check for FILLER5"/>
    <testcase classname="ALJOCOB_PIPELINE2.ALJOCOB_Scenario.00001: ALJOCOBCase1.ALJOCOB_RPTFILE_WRITE_01.00022: RPTFILE assertion" name="00016: Check for EMP_DTL_WAGES"/>
    <testcase classname="ALJOCOB_PIPELINE2.ALJOCOB_Scenario.00001: ALJOCOBCase1.ALJOCOB_RPTFILE_WRITE_01.00022: RPTFILE assertion" name="00017: Check for FILLER6"/>
    <testcase classname="ALJOCOB_PIPELINE2.ALJOCOB_Scenario.00001: ALJOCOBCase1.ALJOCOB_RPTFILE_WRITE_01.00022: RPTFILE assertion" name="00018: Check for EMP_DTL_OT"/>
    <testcase classname="ALJOCOB_PIPELINE2.ALJOCOB_Scenario.00001: ALJOCOBCase1.ALJOCOB_RPTFILE_WRITE_01.00022: RPTFILE assertion" name="00019: Check for FILLER7"/>
    <testcase classname="ALJOCOB_PIPELINE2.ALJOCOB_Scenario.00001: ALJOCOBCase1.ALJOCOB_RPTFILE_WRITE_01.00022: RPTFILE assertion" name="00020: Check for EMP_DTL_COMM"/>
    <testcase classname="ALJOCOB_PIPELINE2.ALJOCOB_Scenario.00001: ALJOCOBCase1.ALJOCOB_RPTFILE_WRITE_01.00022: RPTFILE assertion" name="00021: Check for FILLER8"/>
    <testcase classname="ALJOCOB_PIPELINE2.ALJOCOB_Scenario.00001: ALJOCOBCase1.ALJOCOB_RPTFILE_WRITE_01.00022: RPTFILE assertion" name="00022: Check for EMP_DTL_TOTAL"/>
    <testcase classname="ALJOCOB_PIPELINE2.ALJOCOB_Scenario.00001: ALJOCOBCase1.ALJOCOB_RPTFILE_WRITE_01.00022: RPTFILE assertion" name="00023: Check for EXTRA_FIELD"/>
  </testsuite>
  <testsuite errors="0" failures="0" name="ALJOCOB_PIPELINE2.ALJOCOB_Scenario.00001: ALJOCOBCase1.ALJOCOB_RPTFILE_WRITE_01.00023: RPTFILE assertion" tests="341">
    <testcase classname="ALJOCOB_PIPELINE2.ALJOCOB_Scenario.00001: ALJOCOBCase1.ALJOCOB_RPTFILE_WRITE_01.00023: RPTFILE assertion" name="00001: Check for BLANK_LINE"/>
  </testsuite>
  <testsuite errors="0" failures="0" name="ALJOCOB_PIPELINE2.ALJOCOB_Scenario.00001: ALJOCOBCase1.ALJOCOB_RPTFILE_WRITE_01.00024: RPTFILE assertion" tests="345">
    <testcase classname="ALJOCOB_PIPELINE2.ALJOCOB_Scenario.00001: ALJOCOBCase1.ALJOCOB_RPTFILE_WRITE_01.00024: RPTFILE assertion" name="00001: Check for FILLER0"/>
    <testcase classname="ALJOCOB_PIPELINE2.ALJOCOB_Scenario.00001: ALJOCOBCase1.ALJOCOB_RPTFILE_WRITE_01.00024: RPTFILE assertion" name="00002: Check for FILLER1"/>
    <testcase classname="ALJOCOB_PIPELINE2.ALJOCOB_Scenario.00001: ALJOCOBCase1.ALJOCOB_RPTFILE_WRITE_01.00024: RPTFILE assertion" name="00003: Check for FILLER2"/>
    <testcase classname="ALJOCOB_PIPELINE2.ALJOCOB_Scenario.00001: ALJOCOBCase1.ALJOCOB_RPTFILE_WRITE_01.00024: RPTFILE assertion" name="00004: Check for EMP_GRAND_TOTAL"/>
  </testsuite>
</testsuites>